Performing C SOURCE FILE Test CMAKE_HAVE_LIBC_PTHREAD failed with the following output:
Change Dir: /home/dlsh/gazebo/autonomous-ecocar/catkin_ws_sim/src/cmake-build-debug/CMakeFiles/CMakeTmp

Run Build Command(s):/usr/bin/make cmTC_d9d44/fast && /usr/bin/make  -f CMakeFiles/cmTC_d9d44.dir/build.make CMakeFiles/cmTC_d9d44.dir/build
make[1]: 进入目录“/home/dlsh/gazebo/autonomous-ecocar/catkin_ws_sim/src/cmake-build-debug/CMakeFiles/CMakeTmp”
Building C object CMakeFiles/cmTC_d9d44.dir/src.c.o
/usr/bin/cc   -DCMAKE_HAVE_LIBC_PTHREAD   -o CMakeFiles/cmTC_d9d44.dir/src.c.o   -c /home/dlsh/gazebo/autonomous-ecocar/catkin_ws_sim/src/cmake-build-debug/CMakeFiles/CMakeTmp/src.c
Linking C executable cmTC_d9d44
/home/dlsh/clion/clion-2020.2.1/bin/cmake/linux/bin/cmake -E cmake_link_script CMakeFiles/cmTC_d9d44.dir/link.txt --verbose=1
/usr/bin/cc  -DCMAKE_HAVE_LIBC_PTHREAD    -rdynamic CMakeFiles/cmTC_d9d44.dir/src.c.o  -o cmTC_d9d44 
CMakeFiles/cmTC_d9d44.dir/src.c.o：在函数‘main’中：
src.c:(.text+0x3e)：对‘pthread_create’未定义的引用
src.c:(.text+0x4a)：对‘pthread_detach’未定义的引用
src.c:(.text+0x56)：对‘pthread_cancel’未定义的引用
src.c:(.text+0x67)：对‘pthread_join’未定义的引用
src.c:(.text+0x7b)：对‘pthread_atfork’未定义的引用
collect2: error: ld returned 1 exit status
CMakeFiles/cmTC_d9d44.dir/build.make:106: recipe for target 'cmTC_d9d44' failed
make[1]: *** [cmTC_d9d44] Error 1
make[1]: 离开目录“/home/dlsh/gazebo/autonomous-ecocar/catkin_ws_sim/src/cmake-build-debug/CMakeFiles/CMakeTmp”
Makefile:141: recipe for target 'cmTC_d9d44/fast' failed
make: *** [cmTC_d9d44/fast] Error 2


Source file was:
#include <pthread.h>

void* test_func(void* data)
{
  return data;
}

int main(void)
{
  pthread_t thread;
  pthread_create(&thread, NULL, test_func, NULL);
  pthread_detach(thread);
  pthread_cancel(thread);
  pthread_join(thread, NULL);
  pthread_atfork(NULL, NULL, NULL);
  pthread_exit(NULL);

  return 0;
}

Determining if the function pthread_create exists in the pthreads failed with the following output:
Change Dir: /home/dlsh/gazebo/autonomous-ecocar/catkin_ws_sim/src/cmake-build-debug/CMakeFiles/CMakeTmp

Run Build Command(s):/usr/bin/make cmTC_81c6d/fast && /usr/bin/make  -f CMakeFiles/cmTC_81c6d.dir/build.make CMakeFiles/cmTC_81c6d.dir/build
make[1]: 进入目录“/home/dlsh/gazebo/autonomous-ecocar/catkin_ws_sim/src/cmake-build-debug/CMakeFiles/CMakeTmp”
Building C object CMakeFiles/cmTC_81c6d.dir/CheckFunctionExists.c.o
/usr/bin/cc   -DCHECK_FUNCTION_EXISTS=pthread_create   -o CMakeFiles/cmTC_81c6d.dir/CheckFunctionExists.c.o   -c /home/dlsh/clion/clion-2020.2.1/bin/cmake/linux/share/cmake-3.17/Modules/CheckFunctionExists.c
Linking C executable cmTC_81c6d
/home/dlsh/clion/clion-2020.2.1/bin/cmake/linux/bin/cmake -E cmake_link_script CMakeFiles/cmTC_81c6d.dir/link.txt --verbose=1
/usr/bin/cc  -DCHECK_FUNCTION_EXISTS=pthread_create    -rdynamic CMakeFiles/cmTC_81c6d.dir/CheckFunctionExists.c.o  -o cmTC_81c6d  -lpthreads 
/usr/bin/ld: 找不到 -lpthreads
collect2: error: ld returned 1 exit status
CMakeFiles/cmTC_81c6d.dir/build.make:106: recipe for target 'cmTC_81c6d' failed
make[1]: *** [cmTC_81c6d] Error 1
make[1]: 离开目录“/home/dlsh/gazebo/autonomous-ecocar/catkin_ws_sim/src/cmake-build-debug/CMakeFiles/CMakeTmp”
Makefile:141: recipe for target 'cmTC_81c6d/fast' failed
make: *** [cmTC_81c6d/fast] Error 2



Determining if the pthread_create exist failed with the following output:
Change Dir: /home/dlsh/gazebo/autonomous-ecocar/catkin_ws_sim/src/cmake-build-debug/CMakeFiles/CMakeTmp

Run Build Command:"/usr/bin/make" "cmTC_8ec22/fast"
/usr/bin/make -f CMakeFiles/cmTC_8ec22.dir/build.make CMakeFiles/cmTC_8ec22.dir/build
make[1]: 进入目录“/home/dlsh/gazebo/autonomous-ecocar/catkin_ws_sim/src/cmake-build-debug/CMakeFiles/CMakeTmp”
Building C object CMakeFiles/cmTC_8ec22.dir/CheckSymbolExists.c.o
/usr/bin/cc    -o CMakeFiles/cmTC_8ec22.dir/CheckSymbolExists.c.o   -c /home/dlsh/gazebo/autonomous-ecocar/catkin_ws_sim/src/cmake-build-debug/CMakeFiles/CMakeTmp/CheckSymbolExists.c
Linking C executable cmTC_8ec22
/usr/bin/cmake -E cmake_link_script CMakeFiles/cmTC_8ec22.dir/link.txt --verbose=1
/usr/bin/cc      -rdynamic CMakeFiles/cmTC_8ec22.dir/CheckSymbolExists.c.o  -o cmTC_8ec22 
CMakeFiles/cmTC_8ec22.dir/CheckSymbolExists.c.o：在函数‘main’中：
CheckSymbolExists.c:(.text+0x1b)：对‘pthread_create’未定义的引用
collect2: error: ld returned 1 exit status
CMakeFiles/cmTC_8ec22.dir/build.make:97: recipe for target 'cmTC_8ec22' failed
make[1]: *** [cmTC_8ec22] Error 1
make[1]: 离开目录“/home/dlsh/gazebo/autonomous-ecocar/catkin_ws_sim/src/cmake-build-debug/CMakeFiles/CMakeTmp”
Makefile:126: recipe for target 'cmTC_8ec22/fast' failed
make: *** [cmTC_8ec22/fast] Error 2

File /home/dlsh/gazebo/autonomous-ecocar/catkin_ws_sim/src/cmake-build-debug/CMakeFiles/CMakeTmp/CheckSymbolExists.c:
/* */
#include <pthread.h>

int main(int argc, char** argv)
{
  (void)argv;
#ifndef pthread_create
  return ((int*)(&pthread_create))[argc];
#else
  (void)argc;
  return 0;
#endif
}

